nohup: ignoring input
Forwarding from 127.0.0.1:8888 -> 8080
Forwarding from [::1]:8888 -> 8080
Handling connection for 8888
Handling connection for 8888
Handling connection for 8888
Handling connection for 8888
Handling connection for 8888
Handling connection for 8888
Handling connection for 8888
Handling connection for 8888
Handling connection for 8888
Handling connection for 8888
Handling connection for 8888
Handling connection for 8888
Handling connection for 8888
Handling connection for 8888
Handling connection for 8888
Handling connection for 8888
Handling connection for 8888
Handling connection for 8888
Handling connection for 8888
Handling connection for 8888
Handling connection for 8888
Handling connection for 8888
Handling connection for 8888
Handling connection for 8888
Handling connection for 8888
Handling connection for 8888
Handling connection for 8888
Handling connection for 8888
Handling connection for 8888
Handling connection for 8888
Handling connection for 8888
Handling connection for 8888
Handling connection for 8888
Handling connection for 8888
Handling connection for 8888
Handling connection for 8888
Handling connection for 8888
Handling connection for 8888
Handling connection for 8888
Handling connection for 8888
Handling connection for 8888
E0918 21:57:58.212648   56954 portforward.go:391] "Unhandled Error" err="error copying from remote stream to local connection: readfrom tcp6 [::1]:8888->[::1]:49246: write tcp6 [::1]:8888->[::1]:49246: write: broken pipe"
Handling connection for 8888
Handling connection for 8888
Handling connection for 8888
Handling connection for 8888
Handling connection for 8888
Handling connection for 8888
Handling connection for 8888
Handling connection for 8888
Handling connection for 8888
Handling connection for 8888
Handling connection for 8888
Handling connection for 8888
Handling connection for 8888
Handling connection for 8888
Handling connection for 8888
Handling connection for 8888
Handling connection for 8888
Handling connection for 8888
Handling connection for 8888
Handling connection for 8888
Handling connection for 8888
Handling connection for 8888
Handling connection for 8888
Handling connection for 8888
Handling connection for 8888
Handling connection for 8888
Handling connection for 8888
Handling connection for 8888
Handling connection for 8888
Handling connection for 8888
Handling connection for 8888
Handling connection for 8888
Handling connection for 8888
Handling connection for 8888
Handling connection for 8888
Handling connection for 8888
Handling connection for 8888
Handling connection for 8888
Handling connection for 8888
Handling connection for 8888
Handling connection for 8888
Handling connection for 8888
Handling connection for 8888
Handling connection for 8888
E0918 22:00:30.675497   56954 portforward.go:391] "Unhandled Error" err="error copying from remote stream to local connection: readfrom tcp6 [::1]:8888->[::1]:57888: write tcp6 [::1]:8888->[::1]:57888: write: broken pipe"
Handling connection for 8888
Handling connection for 8888
Handling connection for 8888
Handling connection for 8888
Handling connection for 8888
Handling connection for 8888
Handling connection for 8888
Handling connection for 8888
Handling connection for 8888
Handling connection for 8888
Handling connection for 8888
Handling connection for 8888
Handling connection for 8888
Handling connection for 8888
Handling connection for 8888
Handling connection for 8888
Handling connection for 8888
Handling connection for 8888
Handling connection for 8888
Handling connection for 8888
Handling connection for 8888
Handling connection for 8888
Handling connection for 8888
Handling connection for 8888
Handling connection for 8888
Handling connection for 8888
Handling connection for 8888
Handling connection for 8888
Handling connection for 8888
Handling connection for 8888
Handling connection for 8888
Handling connection for 8888
Handling connection for 8888
Handling connection for 8888
Handling connection for 8888
Handling connection for 8888
Handling connection for 8888
Handling connection for 8888
Handling connection for 8888
Handling connection for 8888
Handling connection for 8888
Handling connection for 8888
Handling connection for 8888
Handling connection for 8888
Handling connection for 8888
Handling connection for 8888
Handling connection for 8888
Handling connection for 8888
Handling connection for 8888
Handling connection for 8888
Handling connection for 8888
Handling connection for 8888
Handling connection for 8888
Handling connection for 8888
Handling connection for 8888
Handling connection for 8888
Handling connection for 8888
Handling connection for 8888
Handling connection for 8888
Handling connection for 8888
Handling connection for 8888
Handling connection for 8888
Handling connection for 8888
Handling connection for 8888
Handling connection for 8888
Handling connection for 8888
Handling connection for 8888
Handling connection for 8888
Handling connection for 8888
Handling connection for 8888
Handling connection for 8888
Handling connection for 8888
Handling connection for 8888
Handling connection for 8888
Handling connection for 8888
Handling connection for 8888
Handling connection for 8888
Handling connection for 8888
Handling connection for 8888
Handling connection for 8888
Handling connection for 8888
Handling connection for 8888
Handling connection for 8888
Handling connection for 8888
Handling connection for 8888
Handling connection for 8888
Handling connection for 8888
Handling connection for 8888
Handling connection for 8888
Handling connection for 8888
Handling connection for 8888
Handling connection for 8888
Handling connection for 8888
Handling connection for 8888
Handling connection for 8888
Handling connection for 8888
Handling connection for 8888
Handling connection for 8888
Handling connection for 8888
Handling connection for 8888
Handling connection for 8888
Handling connection for 8888
Handling connection for 8888
Handling connection for 8888
Handling connection for 8888
Handling connection for 8888
Handling connection for 8888
Handling connection for 8888
Handling connection for 8888
Handling connection for 8888
Handling connection for 8888
Handling connection for 8888
Handling connection for 8888
Handling connection for 8888
Handling connection for 8888
Handling connection for 8888
Handling connection for 8888
Handling connection for 8888
Handling connection for 8888
Handling connection for 8888
Handling connection for 8888
Handling connection for 8888
Handling connection for 8888
Handling connection for 8888
Handling connection for 8888
Handling connection for 8888
Handling connection for 8888
Handling connection for 8888
Handling connection for 8888
Handling connection for 8888
Handling connection for 8888
Handling connection for 8888
Handling connection for 8888
Handling connection for 8888
Handling connection for 8888
Handling connection for 8888
Handling connection for 8888
Handling connection for 8888
Handling connection for 8888
Handling connection for 8888
Handling connection for 8888
Handling connection for 8888
Handling connection for 8888
Handling connection for 8888
Handling connection for 8888
Handling connection for 8888
Handling connection for 8888
Handling connection for 8888
Handling connection for 8888
Handling connection for 8888
Handling connection for 8888
Handling connection for 8888
Handling connection for 8888
Handling connection for 8888
Handling connection for 8888
Handling connection for 8888
Handling connection for 8888
Handling connection for 8888
Handling connection for 8888
Handling connection for 8888
Handling connection for 8888
Handling connection for 8888
Handling connection for 8888
Handling connection for 8888
Handling connection for 8888
Handling connection for 8888
Handling connection for 8888
Handling connection for 8888
E0918 22:12:17.569260   56954 portforward.go:391] "Unhandled Error" err="error copying from remote stream to local connection: readfrom tcp6 [::1]:8888->[::1]:36706: write tcp6 [::1]:8888->[::1]:36706: write: broken pipe"
Handling connection for 8888
Handling connection for 8888
Handling connection for 8888
Handling connection for 8888
E0918 22:12:28.616305   56954 portforward.go:391] "Unhandled Error" err="error copying from remote stream to local connection: readfrom tcp6 [::1]:8888->[::1]:36598: write tcp6 [::1]:8888->[::1]:36598: write: broken pipe"
Handling connection for 8888
Handling connection for 8888
Handling connection for 8888
Handling connection for 8888
Handling connection for 8888
Handling connection for 8888
Handling connection for 8888
Handling connection for 8888
Handling connection for 8888
Handling connection for 8888
Handling connection for 8888
Handling connection for 8888
Handling connection for 8888
Handling connection for 8888
Handling connection for 8888
Handling connection for 8888
E0918 22:15:50.776362   56954 portforward.go:391] "Unhandled Error" err="error copying from remote stream to local connection: readfrom tcp6 [::1]:8888->[::1]:55568: write tcp6 [::1]:8888->[::1]:55568: write: broken pipe"
Handling connection for 8888
Handling connection for 8888
Handling connection for 8888
Handling connection for 8888
Handling connection for 8888
Handling connection for 8888
Handling connection for 8888
Handling connection for 8888
Handling connection for 8888
Handling connection for 8888
Handling connection for 8888
Handling connection for 8888
Handling connection for 8888
Handling connection for 8888
Handling connection for 8888
Handling connection for 8888
Handling connection for 8888
Handling connection for 8888
Handling connection for 8888
Handling connection for 8888
Handling connection for 8888
Handling connection for 8888
Handling connection for 8888
Handling connection for 8888
Handling connection for 8888
Handling connection for 8888
Handling connection for 8888
Handling connection for 8888
Handling connection for 8888
Handling connection for 8888
Handling connection for 8888
Handling connection for 8888
Handling connection for 8888
Handling connection for 8888
Handling connection for 8888
Handling connection for 8888
Handling connection for 8888
Handling connection for 8888
Handling connection for 8888
Handling connection for 8888
Handling connection for 8888
Handling connection for 8888
Handling connection for 8888
Handling connection for 8888
Handling connection for 8888
Handling connection for 8888
Handling connection for 8888
E0918 22:37:45.680657   56954 portforward.go:391] "Unhandled Error" err="error copying from remote stream to local connection: readfrom tcp6 [::1]:8888->[::1]:46814: write tcp6 [::1]:8888->[::1]:46814: write: broken pipe"
Handling connection for 8888
Handling connection for 8888
Handling connection for 8888
Handling connection for 8888
Handling connection for 8888
Handling connection for 8888
Handling connection for 8888
Handling connection for 8888
Handling connection for 8888
Handling connection for 8888
Handling connection for 8888
Handling connection for 8888
Handling connection for 8888
Handling connection for 8888
Handling connection for 8888
Handling connection for 8888
Handling connection for 8888
Handling connection for 8888
Handling connection for 8888
Handling connection for 8888
Handling connection for 8888
Handling connection for 8888
Handling connection for 8888
Handling connection for 8888
Handling connection for 8888
Handling connection for 8888
Handling connection for 8888
Handling connection for 8888
Handling connection for 8888
Handling connection for 8888
Handling connection for 8888
Handling connection for 8888
Handling connection for 8888
Handling connection for 8888
Handling connection for 8888
Handling connection for 8888
Handling connection for 8888
Handling connection for 8888
Handling connection for 8888
Handling connection for 8888
Handling connection for 8888
Handling connection for 8888
Handling connection for 8888
Handling connection for 8888
Handling connection for 8888
Handling connection for 8888
Handling connection for 8888
Handling connection for 8888
Handling connection for 8888
Handling connection for 8888
Handling connection for 8888
Handling connection for 8888
Handling connection for 8888
Handling connection for 8888
Handling connection for 8888
Handling connection for 8888
Handling connection for 8888
Handling connection for 8888
Handling connection for 8888
E0918 22:56:43.622503   56954 portforward.go:391] "Unhandled Error" err="error copying from remote stream to local connection: readfrom tcp6 [::1]:8888->[::1]:55676: write tcp6 [::1]:8888->[::1]:55676: write: broken pipe"
Handling connection for 8888
Handling connection for 8888
Handling connection for 8888
Handling connection for 8888
Handling connection for 8888
Handling connection for 8888
Handling connection for 8888
Handling connection for 8888
Handling connection for 8888
Handling connection for 8888
Handling connection for 8888
Handling connection for 8888
Handling connection for 8888
Handling connection for 8888
Handling connection for 8888
Handling connection for 8888
Handling connection for 8888
Handling connection for 8888
Handling connection for 8888
Handling connection for 8888
Handling connection for 8888
Handling connection for 8888
Handling connection for 8888
Handling connection for 8888
Handling connection for 8888
Handling connection for 8888
Handling connection for 8888
Handling connection for 8888
Handling connection for 8888
Handling connection for 8888
Handling connection for 8888
Handling connection for 8888
Handling connection for 8888
Handling connection for 8888
Handling connection for 8888
Handling connection for 8888
Handling connection for 8888
Handling connection for 8888
Handling connection for 8888
Handling connection for 8888
E0918 22:58:10.418352   56954 portforward.go:391] "Unhandled Error" err="error copying from remote stream to local connection: readfrom tcp6 [::1]:8888->[::1]:57444: write tcp6 [::1]:8888->[::1]:57444: write: broken pipe"
Handling connection for 8888
Handling connection for 8888
Handling connection for 8888
Handling connection for 8888
Handling connection for 8888
Handling connection for 8888
Handling connection for 8888
Handling connection for 8888
Handling connection for 8888
Handling connection for 8888
Handling connection for 8888
Handling connection for 8888
Handling connection for 8888
Handling connection for 8888
Handling connection for 8888
Handling connection for 8888
Handling connection for 8888
Handling connection for 8888
Handling connection for 8888
Handling connection for 8888
Handling connection for 8888
Handling connection for 8888
Handling connection for 8888
Handling connection for 8888
Handling connection for 8888
Handling connection for 8888
Handling connection for 8888
E0918 22:59:11.787470   56954 portforward.go:391] "Unhandled Error" err="error copying from remote stream to local connection: readfrom tcp6 [::1]:8888->[::1]:36936: write tcp6 [::1]:8888->[::1]:36936: write: broken pipe"
Handling connection for 8888
Handling connection for 8888
Handling connection for 8888
Handling connection for 8888
Handling connection for 8888
Handling connection for 8888
Handling connection for 8888
Handling connection for 8888
Handling connection for 8888
Handling connection for 8888
Handling connection for 8888
Handling connection for 8888
Handling connection for 8888
Handling connection for 8888
Handling connection for 8888
Handling connection for 8888
Handling connection for 8888
Handling connection for 8888
E0918 23:02:15.508859   56954 portforward.go:391] "Unhandled Error" err="error copying from remote stream to local connection: readfrom tcp4 127.0.0.1:8888->127.0.0.1:46842: write tcp4 127.0.0.1:8888->127.0.0.1:46842: write: broken pipe"
error: lost connection to pod
