nohup: ignoring input
Forwarding from 127.0.0.1:8888 -> 8080
Forwarding from [::1]:8888 -> 8080
Handling connection for 8888
Handling connection for 8888
Handling connection for 8888
Handling connection for 8888
Handling connection for 8888
Handling connection for 8888
Handling connection for 8888
Handling connection for 8888
Handling connection for 8888
Handling connection for 8888
Handling connection for 8888
Handling connection for 8888
Handling connection for 8888
Handling connection for 8888
Handling connection for 8888
Handling connection for 8888
Handling connection for 8888
Handling connection for 8888
Handling connection for 8888
Handling connection for 8888
Handling connection for 8888
Handling connection for 8888
Handling connection for 8888
Handling connection for 8888
Handling connection for 8888
Handling connection for 8888
Handling connection for 8888
Handling connection for 8888
Handling connection for 8888
Handling connection for 8888
E0918 08:44:09.986674  287696 portforward.go:391] "Unhandled Error" err="error copying from remote stream to local connection: readfrom tcp6 [::1]:8888->[::1]:45884: write tcp6 [::1]:8888->[::1]:45884: write: broken pipe"
Handling connection for 8888
Handling connection for 8888
Handling connection for 8888
Handling connection for 8888
Handling connection for 8888
Handling connection for 8888
Handling connection for 8888
Handling connection for 8888
Handling connection for 8888
Handling connection for 8888
Handling connection for 8888
Handling connection for 8888
Handling connection for 8888
Handling connection for 8888
Handling connection for 8888
Handling connection for 8888
Handling connection for 8888
Handling connection for 8888
Handling connection for 8888
Handling connection for 8888
Handling connection for 8888
Handling connection for 8888
Handling connection for 8888
Handling connection for 8888
Handling connection for 8888
Handling connection for 8888
Handling connection for 8888
Handling connection for 8888
Handling connection for 8888
Handling connection for 8888
Handling connection for 8888
Handling connection for 8888
Handling connection for 8888
Handling connection for 8888
Handling connection for 8888
Handling connection for 8888
Handling connection for 8888
Handling connection for 8888
Handling connection for 8888
Handling connection for 8888
Handling connection for 8888
Handling connection for 8888
